2024-08-13 01:29:00,615 - INFO - Starting to process RSS entries...
2024-08-13 01:29:00,615 - INFO - Reading RSS feed...
2024-08-13 01:29:00,616 - INFO - Finished processing RSS entries.
2024-08-13 01:34:01,709 - INFO - Starting to process RSS entries...
2024-08-13 01:34:01,710 - INFO - Reading RSS feed...
2024-08-13 01:34:01,711 - INFO - Finished processing RSS entries.
2024-08-13 01:44:30,801 - INFO - Starting to process RSS entries...
2024-08-13 01:44:30,801 - INFO - Reading RSS feed...
2024-08-13 01:44:30,802 - INFO - Finished processing RSS entries.
2024-08-13 01:54:59,604 - INFO - Starting to process RSS entries...
2024-08-13 01:54:59,604 - INFO - Reading RSS feed...
2024-08-13 01:54:59,605 - INFO - Finished processing RSS entries.
2024-08-13 02:05:34,877 - INFO - Starting to process RSS entries...
2024-08-13 02:05:34,878 - INFO - Reading RSS feed...
2024-08-13 02:05:34,878 - INFO - Finished processing RSS entries.
2024-08-13 02:15:59,278 - INFO - Starting to process RSS entries...
2024-08-13 02:15:59,278 - INFO - Reading RSS feed...
2024-08-13 02:15:59,285 - INFO - Finished processing RSS entries.
2024-08-13 02:26:28,164 - INFO - Starting to process RSS entries...
2024-08-13 02:26:28,164 - INFO - Reading RSS feed...
2024-08-13 02:26:28,165 - INFO - Finished processing RSS entries.
2024-08-13 02:31:08,902 - INFO - Starting to process RSS entries...
2024-08-13 02:31:08,902 - INFO - Reading RSS feed...
2024-08-13 02:31:08,903 - INFO - Finished processing RSS entries.
2024-08-13 02:42:13,663 - INFO - Starting to process RSS entries...
2024-08-13 02:42:13,664 - INFO - Reading RSS feed...
2024-08-13 02:42:13,665 - INFO - Finished processing RSS entries.
2024-08-13 03:11:18,695 - INFO - Starting to process RSS entries...
2024-08-13 03:11:18,695 - INFO - Reading RSS feed...
2024-08-13 03:11:18,696 - INFO - Finished processing RSS entries.
2024-08-13 03:22:24,882 - INFO - Starting to process RSS entries...
2024-08-13 03:22:24,882 - INFO - Reading RSS feed...
2024-08-13 03:22:24,883 - INFO - Finished processing RSS entries.
2024-08-13 03:33:31,730 - INFO - Starting to process RSS entries...
2024-08-13 03:33:31,730 - INFO - Reading RSS feed...
2024-08-13 03:33:31,731 - INFO - Finished processing RSS entries.
2024-08-13 03:44:35,637 - INFO - Starting to process RSS entries...
2024-08-13 03:44:35,637 - INFO - Reading RSS feed...
2024-08-13 03:44:35,639 - INFO - Finished processing RSS entries.
2024-08-13 03:55:39,829 - INFO - Starting to process RSS entries...
2024-08-13 03:55:39,829 - INFO - Reading RSS feed...
2024-08-13 03:55:39,830 - INFO - Finished processing RSS entries.
2024-08-13 04:06:47,276 - INFO - Starting to process RSS entries...
2024-08-13 04:06:47,276 - INFO - Reading RSS feed...
2024-08-13 04:06:47,277 - INFO - Finished processing RSS entries.
2024-08-13 04:17:53,394 - INFO - Starting to process RSS entries...
2024-08-13 04:17:53,394 - INFO - Reading RSS feed...
2024-08-13 04:17:53,403 - INFO - Finished processing RSS entries.
2024-08-13 04:28:58,487 - INFO - Starting to process RSS entries...
2024-08-13 04:28:58,487 - INFO - Reading RSS feed...
2024-08-13 04:28:58,488 - INFO - Finished processing RSS entries.
2024-08-13 04:40:04,620 - INFO - Starting to process RSS entries...
2024-08-13 04:40:04,620 - INFO - Reading RSS feed...
2024-08-13 04:40:04,621 - INFO - Finished processing RSS entries.
2024-08-13 04:51:17,227 - INFO - Starting to process RSS entries...
2024-08-13 04:51:17,227 - INFO - Reading RSS feed...
2024-08-13 04:51:17,234 - INFO - Processing entry: #General Trump y Musk hablan sobre intento de asesinato y deportaciones en accidentada entrevista en X
2024-08-13 04:51:17,747 - INFO - Successfully posted to IFTTT: #General Trump y Musk hablan sobre intento de asesinato y deportaciones en accidentada entrevista en X
2024-08-13 04:51:17,748 - INFO - Finished processing RSS entries.
2024-08-13 05:02:25,538 - INFO - Starting to process RSS entries...
2024-08-13 05:02:25,538 - INFO - Reading RSS feed...
2024-08-13 05:02:25,539 - INFO - Finished processing RSS entries.
2024-08-13 05:13:30,362 - INFO - Starting to process RSS entries...
2024-08-13 05:13:30,363 - INFO - Reading RSS feed...
2024-08-13 05:13:30,364 - INFO - Finished processing RSS entries.
2024-08-13 05:24:35,149 - INFO - Starting to process RSS entries...
2024-08-13 05:24:35,149 - INFO - Reading RSS feed...
2024-08-13 05:24:35,150 - INFO - Finished processing RSS entries.
2024-08-13 05:35:38,295 - INFO - Starting to process RSS entries...
2024-08-13 05:35:38,295 - INFO - Reading RSS feed...
2024-08-13 05:35:38,302 - INFO - Processing entry: #General Jueza falla contra RFK Jr. en lucha por estar en la boleta electoral de Nueva York
2024-08-13 05:35:38,791 - INFO - Successfully posted to IFTTT: #General Jueza falla contra RFK Jr. en lucha por estar en la boleta electoral de Nueva York
2024-08-13 05:35:38,792 - INFO - Finished processing RSS entries.
2024-08-13 05:46:49,393 - INFO - Starting to process RSS entries...
2024-08-13 05:46:49,393 - INFO - Reading RSS feed...
2024-08-13 05:46:49,403 - INFO - Processing entry: #General Fiscalía de México podría presentar cargos por traición después de que EEUU arrestó al capo Zambada
2024-08-13 05:46:49,915 - INFO - Successfully posted to IFTTT: #General Fiscalía de México podría presentar cargos por traición después de que EEUU arrestó al capo Zambada
2024-08-13 05:46:49,916 - INFO - Sleeping for 225 seconds before processing the next entry...
2024-08-13 05:50:34,933 - INFO - Processing entry: #General Xiaomi cambia de opinión: HyperOS 2.0 sí llegará a los móviles antiguos
2024-08-13 05:50:35,401 - INFO - Successfully posted to IFTTT: #General Xiaomi cambia de opinión: HyperOS 2.0 sí llegará a los móviles antiguos
2024-08-13 05:50:35,401 - INFO - Sleeping for 225 seconds before processing the next entry...
2024-08-13 05:54:20,400 - INFO - Processing entry: #General Netflix prepara una nueva serie animada de ‘Cazafantasmas’
2024-08-13 05:54:20,871 - INFO - Successfully posted to IFTTT: #General Netflix prepara una nueva serie animada de ‘Cazafantasmas’
2024-08-13 05:54:20,871 - INFO - Finished processing RSS entries.
2024-08-13 06:05:26,300 - INFO - Starting to process RSS entries...
2024-08-13 06:05:26,300 - INFO - Reading RSS feed...
2024-08-13 06:05:26,307 - INFO - Processing entry: #General Puerto Rico cancela clases y activa la Guardia Nacional mientras tormenta tropical Ernesto se acerca
2024-08-13 06:05:26,855 - INFO - Successfully posted to IFTTT: #General Puerto Rico cancela clases y activa la Guardia Nacional mientras tormenta tropical Ernesto se acerca
2024-08-13 06:05:26,856 - INFO - Finished processing RSS entries.
2024-08-13 06:16:33,660 - INFO - Starting to process RSS entries...
2024-08-13 06:16:33,661 - INFO - Reading RSS feed...
2024-08-13 06:16:33,662 - INFO - Finished processing RSS entries.
2024-08-13 06:27:37,685 - INFO - Starting to process RSS entries...
2024-08-13 06:27:37,685 - INFO - Reading RSS feed...
2024-08-13 06:27:37,691 - INFO - Finished processing RSS entries.
2024-08-13 06:38:42,492 - INFO - Starting to process RSS entries...
2024-08-13 06:38:42,492 - INFO - Reading RSS feed...
2024-08-13 06:38:42,500 - INFO - Processing entry: #General Gracias, Congreso: 4S3SIN0S reclaman salir de prisión #LaEncerrona
2024-08-13 06:38:43,018 - INFO - Successfully posted to IFTTT: #General Gracias, Congreso: 4S3SIN0S reclaman salir de prisión #LaEncerrona
2024-08-13 06:38:43,019 - INFO - Finished processing RSS entries.
2024-08-13 06:49:49,615 - INFO - Starting to process RSS entries...
2024-08-13 06:49:49,615 - INFO - Reading RSS feed...
2024-08-13 06:49:49,617 - INFO - Finished processing RSS entries.
2024-08-13 07:00:54,143 - INFO - Starting to process RSS entries...
2024-08-13 07:00:54,143 - INFO - Reading RSS feed...
2024-08-13 07:00:54,144 - INFO - Finished processing RSS entries.
2024-08-13 07:11:58,800 - INFO - Starting to process RSS entries...
2024-08-13 07:11:58,801 - INFO - Reading RSS feed...
2024-08-13 07:11:58,802 - INFO - Finished processing RSS entries.
2024-08-13 07:23:04,639 - INFO - Starting to process RSS entries...
2024-08-13 07:23:04,640 - INFO - Reading RSS feed...
2024-08-13 07:23:04,648 - INFO - Processing entry: #General \U0001f534 #EnVivo | LA ROTATIVA DEL AIRE con Joanna Castro y Carlos Villarreal #ROTATIVARPP | 13/08/2024
2024-08-13 07:23:05,133 - INFO - Successfully posted to IFTTT: #General \U0001f534 #EnVivo | LA ROTATIVA DEL AIRE con Joanna Castro y Carlos Villarreal #ROTATIVARPP | 13/08/2024
2024-08-13 07:23:05,134 - INFO - Sleeping for 225 seconds before processing the next entry...
2024-08-13 07:26:50,146 - INFO - Processing entry: #General Esta criatura parece una gárgola medieval, pero está viva y vive en África
2024-08-13 07:26:50,657 - INFO - Successfully posted to IFTTT: #General Esta criatura parece una gárgola medieval, pero está viva y vive en África
2024-08-13 07:26:50,658 - INFO - Finished processing RSS entries.
2024-08-13 07:37:53,547 - INFO - Starting to process RSS entries...
2024-08-13 07:37:53,547 - INFO - Reading RSS feed...
2024-08-13 07:37:53,548 - INFO - Finished processing RSS entries.
2024-08-13 07:48:59,015 - INFO - Starting to process RSS entries...
2024-08-13 07:48:59,015 - INFO - Reading RSS feed...
2024-08-13 07:48:59,016 - INFO - Finished processing RSS entries.
2024-08-13 08:00:04,477 - INFO - Starting to process RSS entries...
2024-08-13 08:00:04,477 - INFO - Reading RSS feed...
2024-08-13 08:00:04,480 - INFO - Finished processing RSS entries.
2024-08-13 08:11:09,404 - INFO - Starting to process RSS entries...
2024-08-13 08:11:09,404 - INFO - Reading RSS feed...
2024-08-13 08:11:09,412 - INFO - Processing entry: #General \U0001f534 #EnVivo | AMPLIACIÓN DE NOTICIAS con Mávila Huertas y Fernando Carvallo #ADNRPP | 13/08/2024
2024-08-13 08:11:09,892 - INFO - Successfully posted to IFTTT: #General \U0001f534 #EnVivo | AMPLIACIÓN DE NOTICIAS con Mávila Huertas y Fernando Carvallo #ADNRPP | 13/08/2024
2024-08-13 08:11:09,893 - INFO - Finished processing RSS entries.
2024-08-13 08:22:13,760 - INFO - Starting to process RSS entries...
2024-08-13 08:22:13,760 - INFO - Reading RSS feed...
2024-08-13 08:22:13,761 - INFO - Finished processing RSS entries.
2024-08-13 08:33:19,106 - INFO - Starting to process RSS entries...
2024-08-13 08:33:19,106 - INFO - Reading RSS feed...
2024-08-13 08:33:19,107 - INFO - Finished processing RSS entries.
2024-08-13 08:44:22,668 - INFO - Starting to process RSS entries...
2024-08-13 08:44:22,668 - INFO - Reading RSS feed...
2024-08-13 08:44:22,669 - INFO - Finished processing RSS entries.
2024-08-13 08:55:25,172 - INFO - Starting to process RSS entries...
2024-08-13 08:55:25,173 - INFO - Reading RSS feed...
2024-08-13 08:55:25,174 - INFO - Finished processing RSS entries.
2024-08-13 09:06:30,785 - INFO - Starting to process RSS entries...
2024-08-13 09:06:30,785 - INFO - Reading RSS feed...
2024-08-13 09:06:30,787 - INFO - Finished processing RSS entries.
2024-08-13 09:17:35,470 - INFO - Starting to process RSS entries...
2024-08-13 09:17:35,470 - INFO - Reading RSS feed...
2024-08-13 09:17:35,471 - INFO - Finished processing RSS entries.
2024-08-13 09:23:08,797 - INFO - Starting to process RSS entries...
2024-08-13 09:23:08,798 - INFO - Reading RSS feed...
2024-08-13 09:23:08,799 - INFO - Finished processing RSS entries.
2024-08-13 09:27:08,866 - INFO - Starting to process RSS entries...
2024-08-13 09:27:08,866 - INFO - Reading RSS feed...
2024-08-13 09:27:08,867 - INFO - Finished processing RSS entries.
2024-08-13 09:38:05,086 - INFO - Starting to process RSS entries...
2024-08-13 09:38:05,086 - INFO - Reading RSS feed...
2024-08-13 09:38:05,087 - INFO - Finished processing RSS entries.
